Build started 1/28/2016 10:51:57 AM.
     1>Project "C:\Users\nagar\Documents\Visual Studio 2015\Projects\AlgorithmsDataStructures\FramworkDev\FramworkDev.vcxproj" on node 2 (Build target(s)).
     1>ClCompile:
         C:\Program Files (x86)\Microsoft Visual Studio 12.0\VC\bin\CL.exe /c /ZI /nologo /W3 /WX- /sdl /Od /Oy- /D _MBCS /Gm /EHsc /RTC1 /MDd /GS /fp:precise /Zc:wchar_t /Zc:forScope /Fo"Debug\\" /Fd"Debug\vc120.pdb" /Gd /TP /analyze- /errorReport:prompt BinarySearchTree.cpp Sorting.cpp doubleLinkedList.cpp linkedList.cpp queueUsingLinkedList.cpp stackUsingLinkedList.cpp
         stackUsingLinkedList.cpp
         queueUsingLinkedList.cpp
         linkedList.cpp
         doubleLinkedList.cpp
         Sorting.cpp
         BinarySearchTree.cpp
         Generating Code...
       Link:
         C:\Program Files (x86)\Microsoft Visual Studio 12.0\VC\bin\link.exe /ERRORREPORT:PROMPT /OUT:"C:\Users\nagar\Documents\Visual Studio 2015\Projects\AlgorithmsDataStructures\Debug\FramworkDev.exe" /INCREMENTAL /NOLOGO kernel32.lib user32.lib gdi32.lib winspool.lib comdlg32.lib advapi32.lib shell32.lib ole32.lib oleaut32.lib uuid.lib odbc32.lib odbccp32.lib /MANIFEST /MANIFESTUAC:"level='asInvoker' uiAccess='false'" /manifest:embed /DEBUG /PDB:"C:\Users\nagar\Documents\Visual Studio 2015\Projects\AlgorithmsDataStructures\Debug\FramworkDev.pdb" /TLBID:1 /DYNAMICBASE /NXCOMPAT /IMPLIB:"C:\Users\nagar\Documents\Visual Studio 2015\Projects\AlgorithmsDataStructures\Debug\FramworkDev.lib" /MACHINE:X86 Debug\BinarySearchTree.obj
         Debug\doubleLinkedList.obj
         Debug\linkedList.obj
         Debug\Main.obj
         Debug\queueUsingLinkedList.obj
         Debug\Sorting.obj
         Debug\stackUsingLinkedList.obj
         FramworkDev.vcxproj -> C:\Users\nagar\Documents\Visual Studio 2015\Projects\AlgorithmsDataStructures\Debug\FramworkDev.exe
     1>Done Building Project "C:\Users\nagar\Documents\Visual Studio 2015\Projects\AlgorithmsDataStructures\FramworkDev\FramworkDev.vcxproj" (Build target(s)).

Build succeeded.

Time Elapsed 00:00:02.03
